Usuario a registrado con éxito en: 2023-05-09T00:19:25.370003100
Cliente a@a.a registrado con éxito en: 2023-05-12T23:51:04.420608200
Cliente a@a.a registrado con éxito en: 2023-05-12T23:53:54.979339400
Cliente b@b.b registrado con éxito en: 2023-05-13T00:34:14.159156900
Cliente b@b.b logueado con éxito en: 2023-05-13T00:41:55.149816
Cliente a@a.a logueado con éxito en: 2023-05-14T11:53:38.268247200
Cliente b@b.b logueado con éxito en: 2023-05-14T12:20:30.490820
Cliente b@b.b logueado con éxito en: 2023-05-14T12:22:43.559662
Cliente b@b.b logueado con éxito en: 2023-05-14T12:25:22.033313500
Cliente b@b.b logueado con éxito en: 2023-05-14T12:27:19.861009300
Cliente b@b.b logueado con éxito en: 2023-05-14T12:33:43.673078600
Cliente b@b.b logueado con éxito en: 2023-05-14T12:38:15.018639400
Cliente b@b.b logueado con éxito en: 2023-05-14T12:40:34.734013
Cliente bb@b.b logueado con éxito en: 2023-05-14T12:41:19.705293600
Cliente bb@b.b logueado con éxito en: 2023-05-14T12:43:31.340032500
Cliente bb@b.b logueado con éxito en: 2023-05-14T12:46:36.307694400
Cliente a@a.a registrado con éxito en: 2023-05-14T18:34:52.644248700
Cliente bb@b.b logueado con éxito en: 2023-05-14T19:15:16.053699800
Cliente bb@b.b logueado con éxito en: 2023-05-14T19:18:17.182999
Cliente bb@b.b logueado con éxito en: 2023-05-14T19:20:42.678830700
Cliente bb@b.b logueado con éxito en: 2023-05-14T19:24:06.050550200
Cliente bb@b.b logueado con éxito en: 2023-05-14T19:27:01.405235800
Cliente bb@b.b logueado con éxito en: 2023-05-14T19:34:03.058577900
Cliente bb@b.b logueado con éxito en: 2023-05-14T19:36:31.655996600
Cliente prueba@registro registrado con éxito en: 2023-05-14T20:18:27.983665
Cliente prueba@registro logueado con éxito en: 2023-05-14T20:22:14.914721100
Cliente prueba@registro logueado con éxito en: 2023-05-14T20:22:52.470244
Cliente b@b logueado con éxito en: 2023-05-14T20:25:56.812873
Cliente email@alberto registrado con éxito en: 2023-05-16T20:54:00.993348600
Cliente aa registrado con éxito en: 2023-05-16T23:26:58.467598900
Cliente aa logueado con éxito en: 2023-05-16T23:27:42.827373700
Cliente email@alberto logueado con éxito en: 2023-05-16T23:28:05.814726400
Cliente a registrado con éxito en: 2023-05-17T00:29:24.195737700
Cliente aa registrado con éxito en: 2023-05-17T00:30:06.732355800
Cliente a registrado con éxito en: 2023-05-17T00:41:34.306260600
Cliente a registrado con éxito en: 2023-05-17T00:51:32.302399100
Cliente a registrado con éxito en: 2023-05-17T01:33:14.715837600
Cliente b registrado con éxito en: 2023-05-17T01:38:35.363661800
Cliente admin@admin logueado con éxito en: 2023-05-18T15:14:05.429723400
Cliente admin@admin logueado con éxito en: 2023-05-18T15:29:02.063597100
Cliente admin@admin logueado con éxito en: 2023-05-18T16:28:49.456427700
Cliente admin@admin logueado con éxito en: 2023-05-18T17:26:36.064489300
Cliente admin@admin logueado con éxito en: 2023-05-18T17:27:19.688993700
Cliente admin@admin logueado con éxito en: 2023-05-18T17:31:08.017700200
Cliente admin@admin logueado con éxito en: 2023-05-18T17:32:41.845407800
Cliente admin@admin logueado con éxito en: 2023-05-18T17:35:25.838815100
Cliente a logueado con éxito en: 2023-05-18T17:36:52.300869300
Cliente a logueado con éxito en: 2023-05-18T17:38:51.005170100
Cliente admin@admin logueado con éxito en: 2023-05-18T17:39:37.109186
Cliente admin@admin logueado con éxito en: 2023-05-18T17:54:10.342700400
Cliente admin@admin logueado con éxito en: 2023-05-18T17:55:19.114550900
Cliente admin@admin logueado con éxito en: 2023-05-18T17:55:49.809625700
Cliente admin@admin logueado con éxito en: 2023-05-18T17:56:39.567820600
Cliente a logueado con éxito en: 2023-05-18T23:36:03.274447900
Cliente a logueado con éxito en: 2023-05-19T00:54:28.570165400
Cliente a logueado con éxito en: 2023-05-19T00:56:29.823574700
Cliente a logueado con éxito en: 2023-05-19T01:22:31.324385800
Cliente a logueado con éxito en: 2023-05-19T01:23:46.054983300
Cliente a logueado con éxito en: 2023-05-19T01:25:55.143140300
Cliente admin@admin logueado con éxito en: 2023-05-20T22:15:02.463160
Cliente admin@admin logueado con éxito en: 2023-05-20T22:53:37.738436900
Cliente admin@admin logueado con éxito en: 2023-05-20T22:54:46.796119800
Cliente admin@admin logueado con éxito en: 2023-05-20T23:09:02.591884100
Cliente admin@admin logueado con éxito en: 2023-05-20T23:35:50.902055700
Cliente admin@admin logueado con éxito en: 2023-05-20T23:37:12.560289300
Cliente admin@admin logueado con éxito en: 2023-05-20T23:37:47.655892500
Cliente admin@admin logueado con éxito en: 2023-05-21T00:02:04.348366300
Cliente admin@admin logueado con éxito en: 2023-05-21T00:22:10.856526600
Cliente admin@admin logueado con éxito en: 2023-05-21T00:41:52.288525900
Cliente admin@admin logueado con éxito en: 2023-05-21T01:04:17.564031300
Cliente admin@admin logueado con éxito en: 2023-05-21T01:20:06.829139500
Cliente admin@admin logueado con éxito en: 2023-05-21T01:22:25.944408700
Cliente admin@admin logueado con éxito en: 2023-05-21T01:28:12.364061900
Cliente admin@admin logueado con éxito en: 2023-05-21T01:31:57.726869500
Cliente admin@admin logueado con éxito en: 2023-05-21T01:45:56.489981600
Cliente admin@admin logueado con éxito en: 2023-05-21T01:48:37.163845900
Cliente admin@admin logueado con éxito en: 2023-05-21T01:58:52.035513
Cliente admin@admin logueado con éxito en: 2023-05-21T02:01:18.585548900
Cliente admin@admin logueado con éxito en: 2023-05-21T02:04:43.622179300
Cliente admin@admin logueado con éxito en: 2023-05-21T02:05:35.475193500
Cliente admin@admin logueado con éxito en: 2023-05-21T02:05:53.202666200
Cliente admin@admin logueado con éxito en: 2023-05-21T02:12:37.446886
Cliente admin@admin logueado con éxito en: 2023-05-21T02:14:48.468396500
Cliente admin@admin logueado con éxito en: 2023-05-21T02:19:18.785502200
Cliente admin@admin logueado con éxito en: 2023-05-21T02:28:28.859522300
Cliente admin@admin logueado con éxito en: 2023-05-21T02:30:01.741111500
Cliente admin@admin logueado con éxito en: 2023-05-21T02:55:16.601761900
Cliente admin@admin logueado con éxito en: 2023-05-21T03:14:07.499718
Cliente admin@admin logueado con éxito en: 2023-05-21T09:28:54.569437900
Cliente admin@admin logueado con éxito en: 2023-05-21T09:30:32.320807
Cliente admin@admin logueado con éxito en: 2023-05-21T09:34:19.646170
Cliente admin@admin logueado con éxito en: 2023-05-21T10:49:11.298343200
Cliente admin@admin logueado con éxito en: 2023-05-21T10:50:13.674716300
Cliente admin@admin logueado con éxito en: 2023-05-21T11:14:39.576174200
Cliente admin@admin logueado con éxito en: 2023-05-21T11:33:36.882054900
Cliente admin@admin logueado con éxito en: 2023-05-21T12:02:20.186414
Cliente admin@admin logueado con éxito en: 2023-05-21T12:04:04.046590
Cliente admin@admin logueado con éxito en: 2023-05-21T12:06:00.049218400
Cliente admin@admin logueado con éxito en: 2023-05-21T12:18:58.930570600
Cliente admin@admin logueado con éxito en: 2023-05-21T12:22:53.801479600
Cliente admin@admin logueado con éxito en: 2023-05-21T12:24:21.828696
Cliente admin@admin logueado con éxito en: 2023-05-21T12:31:09.215458
Cliente admin@admin logueado con éxito en: 2023-05-21T12:33:29.903521100
Cliente admin@admin logueado con éxito en: 2023-05-21T12:35:13.224788600
Cliente admin@admin logueado con éxito en: 2023-05-21T12:40:59.312927100
Cliente admin@admin logueado con éxito en: 2023-05-21T12:45:01.991344400
Cliente admin@admin logueado con éxito en: 2023-05-21T12:49:47.879230700
Cliente admin@admin logueado con éxito en: 2023-05-21T12:52:46.743770100
Cliente admin@admin logueado con éxito en: 2023-05-21T13:03:10.310712700
Cliente admin@admin logueado con éxito en: 2023-05-21T13:05:34.917509600
Cliente admin@admin logueado con éxito en: 2023-05-21T17:32:08.876712100
Cliente admin@admin logueado con éxito en: 2023-05-21T17:37:10.012282500
Cliente admin@admin logueado con éxito en: 2023-05-21T17:42:03.587520
Cliente admin@admin logueado con éxito en: 2023-05-21T17:44:52.048410300
Cliente admin@admin logueado con éxito en: 2023-05-21T17:55:02.996411600
Cliente admin@admin logueado con éxito en: 2023-05-21T18:20:34.314829700
Cliente admin@admin logueado con éxito en: 2023-05-21T18:23:15.054787600
Cliente admin@admin logueado con éxito en: 2023-05-21T18:36:21.582235500
Cliente admin@admin logueado con éxito en: 2023-05-21T19:30:09.477707700
Cliente admin@admin logueado con éxito en: 2023-05-21T19:43:51.845808600
Cliente admin@admin logueado con éxito en: 2023-05-21T19:55:48.362972200
Cliente admin@admin logueado con éxito en: 2023-05-21T20:01:40.355150500
Cliente admin@admin logueado con éxito en: 2023-05-21T20:04:34.187520900
Cliente admin@admin logueado con éxito en: 2023-05-21T20:15:15.893859300
Cliente admin@admin logueado con éxito en: 2023-05-21T20:21:57.827701
Cliente admin@admin logueado con éxito en: 2023-05-21T20:33:10.509519400
Cliente admin@admin logueado con éxito en: 2023-05-21T20:35:49.467420300
